Error level: 8 Text: A session had already been started - ignoring session_start() in file: /media/share/html/src/classes/Session.php on line: 13
Call to undefined function getErrors()Error level: 8 Text: Undefined index: REMOTE_HOST in file: /media/share/html/view/error.php on line: 5
Call to undefined function connect()Error level: 8 Text: Undefined index: REMOTE_HOST in file: /media/share/html/view/error.php on line: 5
Call to undefined function connect()Error level: 8 Text: Undefined index: REMOTE_HOST in file: /media/share/html/view/error.php on line: 5
Call to undefined function connect()Error level: 8 Text: Undefined index: REMOTE_HOST in file: /media/share/html/view/error.php on line: 5
Call to undefined function connect()Error level: 8 Text: Undefined index: REMOTE_HOST in file: /media/share/html/view/error.php on line: 5
Call to undefined function connect()Error level: 8 Text: Undefined index: REMOTE_HOST in file: /media/share/html/view/error.php on line: 5
Call to undefined function getErrors()Error level: 8 Text: Undefined index: REMOTE_HOST in file: /media/share/html/view/error.php on line: 5
Call to undefined function getErrors()Error level: 8 Text: Undefined index: REMOTE_HOST in file: /media/share/html/view/error.php on line: 5
Call to undefined function getErrors()Error level: 8 Text: Undefined index: REMOTE_HOST in file: /media/share/html/view/error.php on line: 5
Call to undefined function connect()Error level: 8 Text: Undefined index: REMOTE_HOST in file: /media/share/html/view/error.php on line: 5
Call to undefined function connect()Error level: 8 Text: Undefined index: REMOTE_HOST in file: /media/share/html/view/error.php on line: 5
Call to undefined function connect()Error level: 8 Text: Undefined index: REMOTE_HOST in file: /media/share/html/view/error.php on line: 5
Call to undefined function connect()Error level: 8 Text: Undefined index: REMOTE_HOST in file: /media/share/html/view/error.php on line: 5
Call to undefined function connect()Error level: 8 Text: Undefined index: REMOTE_HOST in file: /media/share/html/view/error.php on line: 5
Call to undefined function connect()Error level: 8 Text: Undefined index: REMOTE_HOST in file: /media/share/html/view/error.php on line: 5
Call to undefined function connect()Error level: 8 Text: Undefined index: REMOTE_HOST in file: /media/share/html/view/error.php on line: 5
Error level: 8 Text: A session had already been started - ignoring session_start() in file: /media/share/html/src/classes/Session.php on line: 13
Call to undefined function connect()Error level: 8 Text: Undefined index: REMOTE_HOST in file: /media/share/html/view/error.php on line: 5
Error level: 8 Text: A session had already been started - ignoring session_start() in file: /media/share/html/src/classes/Session.php on line: 13
Call to undefined function connect()Error level: 8 Text: Undefined index: REMOTE_HOST in file: /media/share/html/view/error.php on line: 5
Error level: 8 Text: A session had already been started - ignoring session_start() in file: /media/share/html/src/classes/Session.php on line: 13
Call to undefined function connect()Error level: 8 Text: Undefined index: REMOTE_HOST in file: /media/share/html/view/error.php on line: 5
Error level: 8 Text: A session had already been started - ignoring session_start() in file: /media/share/html/src/classes/Session.php on line: 13
Call to undefined function connect()Error level: 8 Text: Undefined index: REMOTE_HOST in file: /media/share/html/view/error.php on line: 5
Error level: 8 Text: A session had already been started - ignoring session_start() in file: /media/share/html/src/classes/Session.php on line: 13
Error level: 8 Text: A session had already been started - ignoring session_start() in file: /media/share/html/src/classes/Session.php on line: 13
Error level: 2 Text: require_once(src/classes/Form.php): failed to open stream: No such file or directory in file: /media/share/html/src/app.php on line: 5
require_once(): Failed opening required 'src/classes/Form.php' (include_path='.:/usr/share/php')Error level: 8 Text: Undefined index: REMOTE_HOST in file: /media/share/html/view/error.php on line: 5
Error level: 8 Text: A session had already been started - ignoring session_start() in file: /media/share/html/src/classes/Session.php on line: 13
Error level: 8 Text: A session had already been started - ignoring session_start() in file: /media/share/html/src/classes/Session.php on line: 13
Error level: 8 Text: A session had already been started - ignoring session_start() in file: /media/share/html/src/classes/Session.php on line: 13
Call to undefined function connect()Error level: 8 Text: Undefined index: REMOTE_HOST in file: /media/share/html/view/error.php on line: 5
Error level: 8 Text: A session had already been started - ignoring session_start() in file: /media/share/html/src/classes/Session.php on line: 13
Call to undefined function connect()Error level: 8 Text: Undefined index: REMOTE_HOST in file: /media/share/html/view/error.php on line: 5
